PLINK v1.90b6.16 64-bit (19 Feb 2020)
Options in effect:
  --bfile /users/k1806347/brc_scratch/Data/1KG/Phase3/1KGPhase3.w_hm3.chr21
  --extract /users/k1806347/brc_scratch/Software/MyGit/GenoPred/Scripts/Ancestry_identifier/ref/ref.chr21.bim
  --keep /users/k1806347/brc_scratch/Software/MyGit/GenoPred/Scripts/Ancestry_identifier/target/targ.chr1.fam
  --make-bed
  --out /users/k1806347/brc_scratch/Software/MyGit/GenoPred/Scripts/Ancestry_identifier/target/targ.chr21

Hostname: nodec04.pri.rosalind2.alces.network
Working directory: /scratch/users/k1806347/Software/MyGit/GenoPred/Scripts/Ancestry_identifier
Start time: Tue Feb 16 22:54:40 2021

Random number seed: 1613516080
193058 MB RAM detected; reserving 96529 MB for main workspace.
17312 variants loaded from .bim file.
2504 people (0 males, 0 females, 2504 ambiguous) loaded from .fam.
Ambiguous sex IDs written to
/users/k1806347/brc_scratch/Software/MyGit/GenoPred/Scripts/Ancestry_identifier/target/targ.chr21.nosex
.
--extract: 100 variants remaining.
--keep: 10 people remaining.
Using 1 thread (no multithreaded calculations invoked).
Before main variant filters, 10 founders and 0 nonfounders present.
Calculating allele frequencies... done.
100 variants and 10 people pass filters and QC.
Note: No phenotypes present.
--make-bed to
/users/k1806347/brc_scratch/Software/MyGit/GenoPred/Scripts/Ancestry_identifier/target/targ.chr21.bed
+
/users/k1806347/brc_scratch/Software/MyGit/GenoPred/Scripts/Ancestry_identifier/target/targ.chr21.bim
+
/users/k1806347/brc_scratch/Software/MyGit/GenoPred/Scripts/Ancestry_identifier/target/targ.chr21.fam
... done.

End time: Tue Feb 16 22:54:40 2021
